[debug] [2022-06-30T15:42:50.530Z] ----------------------------------------------------------------------
[debug] [2022-06-30T15:42:50.534Z] Command:       C:\Program Files\nodejs\node.exe C:\Users\angel\AppData\Roaming\npm\node_modules\firebase-tools\lib\bin\firebase.js init
[debug] [2022-06-30T15:42:50.534Z] CLI Version:   11.1.0
[debug] [2022-06-30T15:42:50.535Z] Platform:      win32
[debug] [2022-06-30T15:42:50.535Z] Node Version:  v16.14.0
[debug] [2022-06-30T15:42:50.537Z] Time:          Thu Jun 30 2022 16:42:50 GMT+0100 (British Summer Time)
[debug] [2022-06-30T15:42:50.537Z] ----------------------------------------------------------------------
[debug] 
[debug] [2022-06-30T15:42:50.547Z] > command requires scopes: ["email","openid","https://www.googleapis.com/auth/cloudplatformprojects.readonly","https://www.googleapis.com/auth/firebase","https://www.googleapis.com/auth/cloud-platform"]
[debug] [2022-06-30T15:42:50.548Z] > authorizing via signed-in user (angelo.convertini89@gmail.com)
[info] 
     ######## #### ########  ######## ########     ###     ######  ########
     ##        ##  ##     ## ##       ##     ##  ##   ##  ##       ##
     ######    ##  ########  ######   ########  #########  ######  ######
     ##        ##  ##    ##  ##       ##     ## ##     ##       ## ##
     ##       #### ##     ## ######## ########  ##     ##  ######  ########

You're about to initialize a Firebase project in this directory:

  C:\Users\angel\OneDrive\Desktop\landing-page

[info] 
=== Project Setup
[info] 
[info] First, let's associate this project directory with a Firebase project.
[info] You can create multiple project aliases by running firebase use --add, 
[info] but for now we'll just set up a default project.
[info] 
[debug] [2022-06-30T15:43:21.317Z] > refreshing access token with scopes: []
[debug] [2022-06-30T15:43:21.320Z] >>> [apiv2][query] POST https://www.googleapis.com/oauth2/v3/token [none]
[debug] [2022-06-30T15:43:21.321Z] >>> [apiv2][body] POST https://www.googleapis.com/oauth2/v3/token [omitted]
[debug] [2022-06-30T15:43:21.501Z] <<< [apiv2][status] POST https://www.googleapis.com/oauth2/v3/token 400
[debug] [2022-06-30T15:43:21.501Z] <<< [apiv2][body] POST https://www.googleapis.com/oauth2/v3/token [omitted]
[debug] [2022-06-30T15:43:21.502Z] >>> [apiv2][query] GET https://firebase.googleapis.com/v1beta1/projects pageSize=100
[debug] [2022-06-30T15:43:21.622Z] <<< [apiv2][status] GET https://firebase.googleapis.com/v1beta1/projects 401
[debug] [2022-06-30T15:43:21.622Z] <<< [apiv2][body] GET https://firebase.googleapis.com/v1beta1/projects [omitted]
[debug] [2022-06-30T15:43:21.623Z] HTTP Error: 401, Request had invalid authentication credentials. Expected OAuth 2 access token, login cookie or other valid authentication credential. See https://developers.google.com/identity/sign-in/web/devconsole-project.
[debug] [2022-06-30T15:43:21.755Z] FirebaseError: HTTP Error: 401, Request had invalid authentication credentials. Expected OAuth 2 access token, login cookie or other valid authentication credential. See https://developers.google.com/identity/sign-in/web/devconsole-project.
    at responseToError (C:\Users\angel\AppData\Roaming\npm\node_modules\firebase-tools\lib\responseToError.js:49:12)
    at RetryOperation._fn (C:\Users\angel\AppData\Roaming\npm\node_modules\firebase-tools\lib\apiv2.js:287:77)
    at processTicksAndRejections (node:internal/process/task_queues:96:5)
[error] 
[error] Error: Failed to list Firebase projects. See firebase-debug.log for more info.
